  [1m[36m (126.5ms)[0m  [1mCREATE TABLE "schema_migrations" ("version" varchar(255) NOT NULL) [0m
  [1m[35m (108.1ms)[0m  CREATE UNIQUE INDEX "unique_schema_migrations" ON "schema_migrations" ("version")
  [1m[36mActiveRecord::SchemaMigration Load (0.3ms)[0m  [1mSELECT "schema_migrations".* FROM "schema_migrations"[0m
Migrating to CreatePacientes (20140310150926)
  [1m[35m (0.1ms)[0m  begin transaction
  [1m[36m (0.8ms)[0m  [1mCREATE TABLE "pacientes" ("id" INTEGER PRIMARY KEY AUTOINCREMENT NOT NULL, "nome" varchar(255), "codigo" varchar(255), "idade" varchar(255), "created_at" datetime, "updated_at" datetime) [0m
  [1m[35mSQL (0.4ms)[0m  INSERT INTO "schema_migrations" ("version") VALUES (?)  [["version", "20140310150926"]]
  [1m[36m (127.3ms)[0m  [1mcommit transaction[0m
  [1m[35mActiveRecord::SchemaMigration Load (0.2ms)[0m  SELECT "schema_migrations".* FROM "schema_migrations"
  [1m[36mActiveRecord::SchemaMigration Load (0.2ms)[0m  [1mSELECT "schema_migrations".* FROM "schema_migrations"[0m
Migrating to CreateEmpregados (20140310205718)
  [1m[35m (0.1ms)[0m  begin transaction
  [1m[36m (36.6ms)[0m  [1mCREATE TABLE "empregados" ("id" INTEGER PRIMARY KEY AUTOINCREMENT NOT NULL, "nome" varchar(255), "matricula" varchar(255), "created_at" datetime, "updated_at" datetime) [0m
  [1m[35mSQL (0.5ms)[0m  INSERT INTO "schema_migrations" ("version") VALUES (?)  [["version", "20140310205718"]]
  [1m[36m (269.1ms)[0m  [1mcommit transaction[0m
Migrating to CreateMedicos (20140310210252)
  [1m[35m (0.2ms)[0m  begin transaction
  [1m[36m (15.0ms)[0m  [1mCREATE TABLE "medicos" ("id" INTEGER PRIMARY KEY AUTOINCREMENT NOT NULL, "especialidade" varchar(255), "created_at" datetime, "updated_at" datetime) [0m
  [1m[35mSQL (0.3ms)[0m  INSERT INTO "schema_migrations" ("version") VALUES (?)  [["version", "20140310210252"]]
  [1m[36m (161.1ms)[0m  [1mcommit transaction[0m
Migrating to CreateEnfermeiros (20140310210410)
  [1m[35m (0.2ms)[0m  begin transaction
  [1m[36m (0.5ms)[0m  [1mCREATE TABLE "enfermeiros" ("id" INTEGER PRIMARY KEY AUTOINCREMENT NOT NULL, "cargo" varchar(255), "created_at" datetime, "updated_at" datetime) [0m
  [1m[35mSQL (0.5ms)[0m  INSERT INTO "schema_migrations" ("version") VALUES (?)  [["version", "20140310210410"]]
  [1m[36m (139.7ms)[0m  [1mcommit transaction[0m
Migrating to CreateHospitals (20140310210515)
  [1m[35m (0.2ms)[0m  begin transaction
  [1m[36m (0.1ms)[0m  [1mrollback transaction[0m
  [1m[36mActiveRecord::SchemaMigration Load (0.1ms)[0m  [1mSELECT "schema_migrations".* FROM "schema_migrations"[0m
Migrating to CreateHospitals (20140310210515)
  [1m[35m (0.1ms)[0m  begin transaction
  [1m[36m (0.5ms)[0m  [1mCREATE TABLE "hospitals" ("id" INTEGER PRIMARY KEY AUTOINCREMENT NOT NULL, "nome" varchar(255), "codigo" integer, "endereco" varchar(255), "created_at" datetime, "updated_at" datetime) [0m
  [1m[35mSQL (0.2ms)[0m  INSERT INTO "schema_migrations" ("version") VALUES (?)  [["version", "20140310210515"]]
  [1m[36m (138.5ms)[0m  [1mcommit transaction[0m
Migrating to CreateInternacaos (20140310210615)
  [1m[35m (0.2ms)[0m  begin transaction
  [1m[36m (0.6ms)[0m  [1mCREATE TABLE "internacaos" ("id" INTEGER PRIMARY KEY AUTOINCREMENT NOT NULL, "entrada" datetime, "saida" datetime, "created_at" datetime, "updated_at" datetime) [0m
  [1m[35mSQL (0.5ms)[0m  INSERT INTO "schema_migrations" ("version") VALUES (?)  [["version", "20140310210615"]]
  [1m[36m (201.7ms)[0m  [1mcommit transaction[0m
  [1m[35mActiveRecord::SchemaMigration Load (0.2ms)[0m  SELECT "schema_migrations".* FROM "schema_migrations"


Started GET "/" for 127.0.0.1 at 2014-03-10 19:24:26 -0300
  [1m[36mActiveRecord::SchemaMigration Load (0.1ms)[0m  [1mSELECT "schema_migrations".* FROM "schema_migrations"[0m
Processing by Rails::WelcomeController#index as HTML
  Rendered /home/leandro/.rvm/gems/ruby-2.0.0-p247/gems/railties-4.0.2/lib/rails/templates/rails/welcome/index.html.erb (42.1ms)
Completed 200 OK in 178ms (Views: 134.5ms | ActiveRecord: 0.0ms)


Started GET "/SUS" for 127.0.0.1 at 2014-03-10 19:24:40 -0300

ActionController::RoutingError (No route matches [GET] "/SUS"):
  actionpack (4.0.2) lib/action_dispatch/middleware/debug_exceptions.rb:21:in `call'
  actionpack (4.0.2) lib/action_dispatch/middleware/show_exceptions.rb:30:in `call'
  railties (4.0.2) lib/rails/rack/logger.rb:38:in `call_app'
  railties (4.0.2) lib/rails/rack/logger.rb:20:in `block in call'
  activesupport (4.0.2) lib/active_support/tagged_logging.rb:67:in `block in tagged'
  activesupport (4.0.2) lib/active_support/tagged_logging.rb:25:in `tagged'
  activesupport (4.0.2) lib/active_support/tagged_logging.rb:67:in `tagged'
  railties (4.0.2) lib/rails/rack/logger.rb:20:in `call'
  actionpack (4.0.2) lib/action_dispatch/middleware/request_id.rb:21:in `call'
  rack (1.5.2) lib/rack/methodoverride.rb:21:in `call'
  rack (1.5.2) lib/rack/runtime.rb:17:in `call'
  activesupport (4.0.2) lib/active_support/cache/strategy/local_cache.rb:83:in `call'
  rack (1.5.2) lib/rack/lock.rb:17:in `call'
  actionpack (4.0.2) lib/action_dispatch/middleware/static.rb:64:in `call'
  rack (1.5.2) lib/rack/sendfile.rb:112:in `call'
  railties (4.0.2) lib/rails/engine.rb:511:in `call'
  railties (4.0.2) lib/rails/application.rb:97:in `call'
  rack (1.5.2) lib/rack/lock.rb:17:in `call'
  rack (1.5.2) lib/rack/content_length.rb:14:in `call'
  rack (1.5.2) lib/rack/handler/webrick.rb:60:in `service'
  /home/leandro/.rvm/rubies/ruby-2.0.0-p247/lib/ruby/2.0.0/webrick/httpserver.rb:138:in `service'
  /home/leandro/.rvm/rubies/ruby-2.0.0-p247/lib/ruby/2.0.0/webrick/httpserver.rb:94:in `run'
  /home/leandro/.rvm/rubies/ruby-2.0.0-p247/lib/ruby/2.0.0/webrick/server.rb:295:in `block in start_thread'


  Rendered /home/leandro/.rvm/gems/ruby-2.0.0-p247/gems/actionpack-4.0.2/lib/action_dispatch/middleware/templates/rescues/_trace.erb (1.7ms)
  Rendered /home/leandro/.rvm/gems/ruby-2.0.0-p247/gems/actionpack-4.0.2/lib/action_dispatch/middleware/templates/routes/_table.html.erb (24.3ms)
  Rendered /home/leandro/.rvm/gems/ruby-2.0.0-p247/gems/actionpack-4.0.2/lib/action_dispatch/middleware/templates/rescues/routing_error.erb within rescues/layout (92.5ms)


Started GET "/SUSi" for 127.0.0.1 at 2014-03-10 19:25:22 -0300

ActionController::RoutingError (No route matches [GET] "/SUSi"):
  actionpack (4.0.2) lib/action_dispatch/middleware/debug_exceptions.rb:21:in `call'
  actionpack (4.0.2) lib/action_dispatch/middleware/show_exceptions.rb:30:in `call'
  railties (4.0.2) lib/rails/rack/logger.rb:38:in `call_app'
  railties (4.0.2) lib/rails/rack/logger.rb:20:in `block in call'
  activesupport (4.0.2) lib/active_support/tagged_logging.rb:67:in `block in tagged'
  activesupport (4.0.2) lib/active_support/tagged_logging.rb:25:in `tagged'
  activesupport (4.0.2) lib/active_support/tagged_logging.rb:67:in `tagged'
  railties (4.0.2) lib/rails/rack/logger.rb:20:in `call'
  actionpack (4.0.2) lib/action_dispatch/middleware/request_id.rb:21:in `call'
  rack (1.5.2) lib/rack/methodoverride.rb:21:in `call'
  rack (1.5.2) lib/rack/runtime.rb:17:in `call'
  activesupport (4.0.2) lib/active_support/cache/strategy/local_cache.rb:83:in `call'
  rack (1.5.2) lib/rack/lock.rb:17:in `call'
  actionpack (4.0.2) lib/action_dispatch/middleware/static.rb:64:in `call'
  rack (1.5.2) lib/rack/sendfile.rb:112:in `call'
  railties (4.0.2) lib/rails/engine.rb:511:in `call'
  railties (4.0.2) lib/rails/application.rb:97:in `call'
  rack (1.5.2) lib/rack/lock.rb:17:in `call'
  rack (1.5.2) lib/rack/content_length.rb:14:in `call'
  rack (1.5.2) lib/rack/handler/webrick.rb:60:in `service'
  /home/leandro/.rvm/rubies/ruby-2.0.0-p247/lib/ruby/2.0.0/webrick/httpserver.rb:138:in `service'
  /home/leandro/.rvm/rubies/ruby-2.0.0-p247/lib/ruby/2.0.0/webrick/httpserver.rb:94:in `run'
  /home/leandro/.rvm/rubies/ruby-2.0.0-p247/lib/ruby/2.0.0/webrick/server.rb:295:in `block in start_thread'


  Rendered /home/leandro/.rvm/gems/ruby-2.0.0-p247/gems/actionpack-4.0.2/lib/action_dispatch/middleware/templates/rescues/_trace.erb (1.4ms)
  Rendered /home/leandro/.rvm/gems/ruby-2.0.0-p247/gems/actionpack-4.0.2/lib/action_dispatch/middleware/templates/routes/_table.html.erb (1.4ms)
  Rendered /home/leandro/.rvm/gems/ruby-2.0.0-p247/gems/actionpack-4.0.2/lib/action_dispatch/middleware/templates/rescues/routing_error.erb within rescues/layout (12.5ms)


Started GET "/" for 127.0.0.1 at 2014-03-11 00:27:29 -0300
  [1m[36mActiveRecord::SchemaMigration Load (0.2ms)[0m  [1mSELECT "schema_migrations".* FROM "schema_migrations"[0m
Processing by Rails::WelcomeController#index as HTML
  Rendered /home/leandro/.rvm/gems/ruby-2.0.0-p247/gems/railties-4.0.2/lib/rails/templates/rails/welcome/index.html.erb (147.4ms)
Completed 200 OK in 514ms (Views: 396.6ms | ActiveRecord: 0.0ms)


Started GET "/sus" for 127.0.0.1 at 2014-03-11 00:27:35 -0300

ActionController::RoutingError (No route matches [GET] "/sus"):
  actionpack (4.0.2) lib/action_dispatch/middleware/debug_exceptions.rb:21:in `call'
  actionpack (4.0.2) lib/action_dispatch/middleware/show_exceptions.rb:30:in `call'
  railties (4.0.2) lib/rails/rack/logger.rb:38:in `call_app'
  railties (4.0.2) lib/rails/rack/logger.rb:20:in `block in call'
  activesupport (4.0.2) lib/active_support/tagged_logging.rb:67:in `block in tagged'
  activesupport (4.0.2) lib/active_support/tagged_logging.rb:25:in `tagged'
  activesupport (4.0.2) lib/active_support/tagged_logging.rb:67:in `tagged'
  railties (4.0.2) lib/rails/rack/logger.rb:20:in `call'
  actionpack (4.0.2) lib/action_dispatch/middleware/request_id.rb:21:in `call'
  rack (1.5.2) lib/rack/methodoverride.rb:21:in `call'
  rack (1.5.2) lib/rack/runtime.rb:17:in `call'
  activesupport (4.0.2) lib/active_support/cache/strategy/local_cache.rb:83:in `call'
  rack (1.5.2) lib/rack/lock.rb:17:in `call'
  actionpack (4.0.2) lib/action_dispatch/middleware/static.rb:64:in `call'
  rack (1.5.2) lib/rack/sendfile.rb:112:in `call'
  railties (4.0.2) lib/rails/engine.rb:511:in `call'
  railties (4.0.2) lib/rails/application.rb:97:in `call'
  rack (1.5.2) lib/rack/lock.rb:17:in `call'
  rack (1.5.2) lib/rack/content_length.rb:14:in `call'
  rack (1.5.2) lib/rack/handler/webrick.rb:60:in `service'
  /home/leandro/.rvm/rubies/ruby-2.0.0-p247/lib/ruby/2.0.0/webrick/httpserver.rb:138:in `service'
  /home/leandro/.rvm/rubies/ruby-2.0.0-p247/lib/ruby/2.0.0/webrick/httpserver.rb:94:in `run'
  /home/leandro/.rvm/rubies/ruby-2.0.0-p247/lib/ruby/2.0.0/webrick/server.rb:295:in `block in start_thread'


  Rendered /home/leandro/.rvm/gems/ruby-2.0.0-p247/gems/actionpack-4.0.2/lib/action_dispatch/middleware/templates/rescues/_trace.erb (1.7ms)
  Rendered /home/leandro/.rvm/gems/ruby-2.0.0-p247/gems/actionpack-4.0.2/lib/action_dispatch/middleware/templates/routes/_table.html.erb (102.2ms)
  Rendered /home/leandro/.rvm/gems/ruby-2.0.0-p247/gems/actionpack-4.0.2/lib/action_dispatch/middleware/templates/rescues/routing_error.erb within rescues/layout (265.0ms)


Started GET "/SUS/Paciente" for 127.0.0.1 at 2014-03-11 00:27:48 -0300

ActionController::RoutingError (No route matches [GET] "/SUS/Paciente"):
  actionpack (4.0.2) lib/action_dispatch/middleware/debug_exceptions.rb:21:in `call'
  actionpack (4.0.2) lib/action_dispatch/middleware/show_exceptions.rb:30:in `call'
  railties (4.0.2) lib/rails/rack/logger.rb:38:in `call_app'
  railties (4.0.2) lib/rails/rack/logger.rb:20:in `block in call'
  activesupport (4.0.2) lib/active_support/tagged_logging.rb:67:in `block in tagged'
  activesupport (4.0.2) lib/active_support/tagged_logging.rb:25:in `tagged'
  activesupport (4.0.2) lib/active_support/tagged_logging.rb:67:in `tagged'
  railties (4.0.2) lib/rails/rack/logger.rb:20:in `call'
  actionpack (4.0.2) lib/action_dispatch/middleware/request_id.rb:21:in `call'
  rack (1.5.2) lib/rack/methodoverride.rb:21:in `call'
  rack (1.5.2) lib/rack/runtime.rb:17:in `call'
  activesupport (4.0.2) lib/active_support/cache/strategy/local_cache.rb:83:in `call'
  rack (1.5.2) lib/rack/lock.rb:17:in `call'
  actionpack (4.0.2) lib/action_dispatch/middleware/static.rb:64:in `call'
  rack (1.5.2) lib/rack/sendfile.rb:112:in `call'
  railties (4.0.2) lib/rails/engine.rb:511:in `call'
  railties (4.0.2) lib/rails/application.rb:97:in `call'
  rack (1.5.2) lib/rack/lock.rb:17:in `call'
  rack (1.5.2) lib/rack/content_length.rb:14:in `call'
  rack (1.5.2) lib/rack/handler/webrick.rb:60:in `service'
  /home/leandro/.rvm/rubies/ruby-2.0.0-p247/lib/ruby/2.0.0/webrick/httpserver.rb:138:in `service'
  /home/leandro/.rvm/rubies/ruby-2.0.0-p247/lib/ruby/2.0.0/webrick/httpserver.rb:94:in `run'
  /home/leandro/.rvm/rubies/ruby-2.0.0-p247/lib/ruby/2.0.0/webrick/server.rb:295:in `block in start_thread'


  Rendered /home/leandro/.rvm/gems/ruby-2.0.0-p247/gems/actionpack-4.0.2/lib/action_dispatch/middleware/templates/rescues/_trace.erb (1.8ms)
  Rendered /home/leandro/.rvm/gems/ruby-2.0.0-p247/gems/actionpack-4.0.2/lib/action_dispatch/middleware/templates/routes/_table.html.erb (1.5ms)
  Rendered /home/leandro/.rvm/gems/ruby-2.0.0-p247/gems/actionpack-4.0.2/lib/action_dispatch/middleware/templates/rescues/routing_error.erb within rescues/layout (11.8ms)


Started GET "/Paciente" for 127.0.0.1 at 2014-03-11 00:27:54 -0300

ActionController::RoutingError (No route matches [GET] "/Paciente"):
  actionpack (4.0.2) lib/action_dispatch/middleware/debug_exceptions.rb:21:in `call'
  actionpack (4.0.2) lib/action_dispatch/middleware/show_exceptions.rb:30:in `call'
  railties (4.0.2) lib/rails/rack/logger.rb:38:in `call_app'
  railties (4.0.2) lib/rails/rack/logger.rb:20:in `block in call'
  activesupport (4.0.2) lib/active_support/tagged_logging.rb:67:in `block in tagged'
  activesupport (4.0.2) lib/active_support/tagged_logging.rb:25:in `tagged'
  activesupport (4.0.2) lib/active_support/tagged_logging.rb:67:in `tagged'
  railties (4.0.2) lib/rails/rack/logger.rb:20:in `call'
  actionpack (4.0.2) lib/action_dispatch/middleware/request_id.rb:21:in `call'
  rack (1.5.2) lib/rack/methodoverride.rb:21:in `call'
  rack (1.5.2) lib/rack/runtime.rb:17:in `call'
  activesupport (4.0.2) lib/active_support/cache/strategy/local_cache.rb:83:in `call'
  rack (1.5.2) lib/rack/lock.rb:17:in `call'
  actionpack (4.0.2) lib/action_dispatch/middleware/static.rb:64:in `call'
  rack (1.5.2) lib/rack/sendfile.rb:112:in `call'
  railties (4.0.2) lib/rails/engine.rb:511:in `call'
  railties (4.0.2) lib/rails/application.rb:97:in `call'
  rack (1.5.2) lib/rack/lock.rb:17:in `call'
  rack (1.5.2) lib/rack/content_length.rb:14:in `call'
  rack (1.5.2) lib/rack/handler/webrick.rb:60:in `service'
  /home/leandro/.rvm/rubies/ruby-2.0.0-p247/lib/ruby/2.0.0/webrick/httpserver.rb:138:in `service'
  /home/leandro/.rvm/rubies/ruby-2.0.0-p247/lib/ruby/2.0.0/webrick/httpserver.rb:94:in `run'
  /home/leandro/.rvm/rubies/ruby-2.0.0-p247/lib/ruby/2.0.0/webrick/server.rb:295:in `block in start_thread'


  Rendered /home/leandro/.rvm/gems/ruby-2.0.0-p247/gems/actionpack-4.0.2/lib/action_dispatch/middleware/templates/rescues/_trace.erb (1.4ms)
  Rendered /home/leandro/.rvm/gems/ruby-2.0.0-p247/gems/actionpack-4.0.2/lib/action_dispatch/middleware/templates/routes/_table.html.erb (1.4ms)
  Rendered /home/leandro/.rvm/gems/ruby-2.0.0-p247/gems/actionpack-4.0.2/lib/action_dispatch/middleware/templates/rescues/routing_error.erb within rescues/layout (11.7ms)


Started GET "/paciente" for 127.0.0.1 at 2014-03-11 00:27:57 -0300

ActionController::RoutingError (No route matches [GET] "/paciente"):
  actionpack (4.0.2) lib/action_dispatch/middleware/debug_exceptions.rb:21:in `call'
  actionpack (4.0.2) lib/action_dispatch/middleware/show_exceptions.rb:30:in `call'
  railties (4.0.2) lib/rails/rack/logger.rb:38:in `call_app'
  railties (4.0.2) lib/rails/rack/logger.rb:20:in `block in call'
  activesupport (4.0.2) lib/active_support/tagged_logging.rb:67:in `block in tagged'
  activesupport (4.0.2) lib/active_support/tagged_logging.rb:25:in `tagged'
  activesupport (4.0.2) lib/active_support/tagged_logging.rb:67:in `tagged'
  railties (4.0.2) lib/rails/rack/logger.rb:20:in `call'
  actionpack (4.0.2) lib/action_dispatch/middleware/request_id.rb:21:in `call'
  rack (1.5.2) lib/rack/methodoverride.rb:21:in `call'
  rack (1.5.2) lib/rack/runtime.rb:17:in `call'
  activesupport (4.0.2) lib/active_support/cache/strategy/local_cache.rb:83:in `call'
  rack (1.5.2) lib/rack/lock.rb:17:in `call'
  actionpack (4.0.2) lib/action_dispatch/middleware/static.rb:64:in `call'
  rack (1.5.2) lib/rack/sendfile.rb:112:in `call'
  railties (4.0.2) lib/rails/engine.rb:511:in `call'
  railties (4.0.2) lib/rails/application.rb:97:in `call'
  rack (1.5.2) lib/rack/lock.rb:17:in `call'
  rack (1.5.2) lib/rack/content_length.rb:14:in `call'
  rack (1.5.2) lib/rack/handler/webrick.rb:60:in `service'
  /home/leandro/.rvm/rubies/ruby-2.0.0-p247/lib/ruby/2.0.0/webrick/httpserver.rb:138:in `service'
  /home/leandro/.rvm/rubies/ruby-2.0.0-p247/lib/ruby/2.0.0/webrick/httpserver.rb:94:in `run'
  /home/leandro/.rvm/rubies/ruby-2.0.0-p247/lib/ruby/2.0.0/webrick/server.rb:295:in `block in start_thread'


  Rendered /home/leandro/.rvm/gems/ruby-2.0.0-p247/gems/actionpack-4.0.2/lib/action_dispatch/middleware/templates/rescues/_trace.erb (2.4ms)
  Rendered /home/leandro/.rvm/gems/ruby-2.0.0-p247/gems/actionpack-4.0.2/lib/action_dispatch/middleware/templates/routes/_table.html.erb (2.1ms)
  Rendered /home/leandro/.rvm/gems/ruby-2.0.0-p247/gems/actionpack-4.0.2/lib/action_dispatch/middleware/templates/rescues/routing_error.erb within rescues/layout (14.5ms)


Started GET "/pacientes" for 127.0.0.1 at 2014-03-11 00:28:54 -0300

ActionController::RoutingError (No route matches [GET] "/pacientes"):
  actionpack (4.0.2) lib/action_dispatch/middleware/debug_exceptions.rb:21:in `call'
  actionpack (4.0.2) lib/action_dispatch/middleware/show_exceptions.rb:30:in `call'
  railties (4.0.2) lib/rails/rack/logger.rb:38:in `call_app'
  railties (4.0.2) lib/rails/rack/logger.rb:20:in `block in call'
  activesupport (4.0.2) lib/active_support/tagged_logging.rb:67:in `block in tagged'
  activesupport (4.0.2) lib/active_support/tagged_logging.rb:25:in `tagged'
  activesupport (4.0.2) lib/active_support/tagged_logging.rb:67:in `tagged'
  railties (4.0.2) lib/rails/rack/logger.rb:20:in `call'
  actionpack (4.0.2) lib/action_dispatch/middleware/request_id.rb:21:in `call'
  rack (1.5.2) lib/rack/methodoverride.rb:21:in `call'
  rack (1.5.2) lib/rack/runtime.rb:17:in `call'
  activesupport (4.0.2) lib/active_support/cache/strategy/local_cache.rb:83:in `call'
  rack (1.5.2) lib/rack/lock.rb:17:in `call'
  actionpack (4.0.2) lib/action_dispatch/middleware/static.rb:64:in `call'
  rack (1.5.2) lib/rack/sendfile.rb:112:in `call'
  railties (4.0.2) lib/rails/engine.rb:511:in `call'
  railties (4.0.2) lib/rails/application.rb:97:in `call'
  rack (1.5.2) lib/rack/lock.rb:17:in `call'
  rack (1.5.2) lib/rack/content_length.rb:14:in `call'
  rack (1.5.2) lib/rack/handler/webrick.rb:60:in `service'
  /home/leandro/.rvm/rubies/ruby-2.0.0-p247/lib/ruby/2.0.0/webrick/httpserver.rb:138:in `service'
  /home/leandro/.rvm/rubies/ruby-2.0.0-p247/lib/ruby/2.0.0/webrick/httpserver.rb:94:in `run'
  /home/leandro/.rvm/rubies/ruby-2.0.0-p247/lib/ruby/2.0.0/webrick/server.rb:295:in `block in start_thread'


  Rendered /home/leandro/.rvm/gems/ruby-2.0.0-p247/gems/actionpack-4.0.2/lib/action_dispatch/middleware/templates/rescues/_trace.erb (1.4ms)
  Rendered /home/leandro/.rvm/gems/ruby-2.0.0-p247/gems/actionpack-4.0.2/lib/action_dispatch/middleware/templates/routes/_table.html.erb (1.5ms)
  Rendered /home/leandro/.rvm/gems/ruby-2.0.0-p247/gems/actionpack-4.0.2/lib/action_dispatch/middleware/templates/rescues/routing_error.erb within rescues/layout (12.3ms)


Started GET "/pacientes/index" for 127.0.0.1 at 2014-03-11 00:28:59 -0300

ActionController::RoutingError (No route matches [GET] "/pacientes/index"):
  actionpack (4.0.2) lib/action_dispatch/middleware/debug_exceptions.rb:21:in `call'
  actionpack (4.0.2) lib/action_dispatch/middleware/show_exceptions.rb:30:in `call'
  railties (4.0.2) lib/rails/rack/logger.rb:38:in `call_app'
  railties (4.0.2) lib/rails/rack/logger.rb:20:in `block in call'
  activesupport (4.0.2) lib/active_support/tagged_logging.rb:67:in `block in tagged'
  activesupport (4.0.2) lib/active_support/tagged_logging.rb:25:in `tagged'
  activesupport (4.0.2) lib/active_support/tagged_logging.rb:67:in `tagged'
  railties (4.0.2) lib/rails/rack/logger.rb:20:in `call'
  actionpack (4.0.2) lib/action_dispatch/middleware/request_id.rb:21:in `call'
  rack (1.5.2) lib/rack/methodoverride.rb:21:in `call'
  rack (1.5.2) lib/rack/runtime.rb:17:in `call'
  activesupport (4.0.2) lib/active_support/cache/strategy/local_cache.rb:83:in `call'
  rack (1.5.2) lib/rack/lock.rb:17:in `call'
  actionpack (4.0.2) lib/action_dispatch/middleware/static.rb:64:in `call'
  rack (1.5.2) lib/rack/sendfile.rb:112:in `call'
  railties (4.0.2) lib/rails/engine.rb:511:in `call'
  railties (4.0.2) lib/rails/application.rb:97:in `call'
  rack (1.5.2) lib/rack/lock.rb:17:in `call'
  rack (1.5.2) lib/rack/content_length.rb:14:in `call'
  rack (1.5.2) lib/rack/handler/webrick.rb:60:in `service'
  /home/leandro/.rvm/rubies/ruby-2.0.0-p247/lib/ruby/2.0.0/webrick/httpserver.rb:138:in `service'
  /home/leandro/.rvm/rubies/ruby-2.0.0-p247/lib/ruby/2.0.0/webrick/httpserver.rb:94:in `run'
  /home/leandro/.rvm/rubies/ruby-2.0.0-p247/lib/ruby/2.0.0/webrick/server.rb:295:in `block in start_thread'


  Rendered /home/leandro/.rvm/gems/ruby-2.0.0-p247/gems/actionpack-4.0.2/lib/action_dispatch/middleware/templates/rescues/_trace.erb (1.5ms)
  Rendered /home/leandro/.rvm/gems/ruby-2.0.0-p247/gems/actionpack-4.0.2/lib/action_dispatch/middleware/templates/routes/_table.html.erb (1.6ms)
  Rendered /home/leandro/.rvm/gems/ruby-2.0.0-p247/gems/actionpack-4.0.2/lib/action_dispatch/middleware/templates/rescues/routing_error.erb within rescues/layout (12.3ms)


Started GET "/pacientes/index.html" for 127.0.0.1 at 2014-03-11 00:29:12 -0300

ActionController::RoutingError (No route matches [GET] "/pacientes/index.html"):
  actionpack (4.0.2) lib/action_dispatch/middleware/debug_exceptions.rb:21:in `call'
  actionpack (4.0.2) lib/action_dispatch/middleware/show_exceptions.rb:30:in `call'
  railties (4.0.2) lib/rails/rack/logger.rb:38:in `call_app'
  railties (4.0.2) lib/rails/rack/logger.rb:20:in `block in call'
  activesupport (4.0.2) lib/active_support/tagged_logging.rb:67:in `block in tagged'
  activesupport (4.0.2) lib/active_support/tagged_logging.rb:25:in `tagged'
  activesupport (4.0.2) lib/active_support/tagged_logging.rb:67:in `tagged'
  railties (4.0.2) lib/rails/rack/logger.rb:20:in `call'
  actionpack (4.0.2) lib/action_dispatch/middleware/request_id.rb:21:in `call'
  rack (1.5.2) lib/rack/methodoverride.rb:21:in `call'
  rack (1.5.2) lib/rack/runtime.rb:17:in `call'
  activesupport (4.0.2) lib/active_support/cache/strategy/local_cache.rb:83:in `call'
  rack (1.5.2) lib/rack/lock.rb:17:in `call'
  actionpack (4.0.2) lib/action_dispatch/middleware/static.rb:64:in `call'
  rack (1.5.2) lib/rack/sendfile.rb:112:in `call'
  railties (4.0.2) lib/rails/engine.rb:511:in `call'
  railties (4.0.2) lib/rails/application.rb:97:in `call'
  rack (1.5.2) lib/rack/lock.rb:17:in `call'
  rack (1.5.2) lib/rack/content_length.rb:14:in `call'
  rack (1.5.2) lib/rack/handler/webrick.rb:60:in `service'
  /home/leandro/.rvm/rubies/ruby-2.0.0-p247/lib/ruby/2.0.0/webrick/httpserver.rb:138:in `service'
  /home/leandro/.rvm/rubies/ruby-2.0.0-p247/lib/ruby/2.0.0/webrick/httpserver.rb:94:in `run'
  /home/leandro/.rvm/rubies/ruby-2.0.0-p247/lib/ruby/2.0.0/webrick/server.rb:295:in `block in start_thread'


  Rendered /home/leandro/.rvm/gems/ruby-2.0.0-p247/gems/actionpack-4.0.2/lib/action_dispatch/middleware/templates/rescues/_trace.erb (1.4ms)
  Rendered /home/leandro/.rvm/gems/ruby-2.0.0-p247/gems/actionpack-4.0.2/lib/action_dispatch/middleware/templates/routes/_table.html.erb (1.6ms)
  Rendered /home/leandro/.rvm/gems/ruby-2.0.0-p247/gems/actionpack-4.0.2/lib/action_dispatch/middleware/templates/rescues/routing_error.erb within rescues/layout (13.6ms)


Started GET "/pacientes" for 127.0.0.1 at 2014-03-11 00:54:56 -0300

ActionController::RoutingError (No route matches [GET] "/pacientes"):
  actionpack (4.0.2) lib/action_dispatch/middleware/debug_exceptions.rb:21:in `call'
  actionpack (4.0.2) lib/action_dispatch/middleware/show_exceptions.rb:30:in `call'
  railties (4.0.2) lib/rails/rack/logger.rb:38:in `call_app'
  railties (4.0.2) lib/rails/rack/logger.rb:20:in `block in call'
  activesupport (4.0.2) lib/active_support/tagged_logging.rb:67:in `block in tagged'
  activesupport (4.0.2) lib/active_support/tagged_logging.rb:25:in `tagged'
  activesupport (4.0.2) lib/active_support/tagged_logging.rb:67:in `tagged'
  railties (4.0.2) lib/rails/rack/logger.rb:20:in `call'
  actionpack (4.0.2) lib/action_dispatch/middleware/request_id.rb:21:in `call'
  rack (1.5.2) lib/rack/methodoverride.rb:21:in `call'
  rack (1.5.2) lib/rack/runtime.rb:17:in `call'
  activesupport (4.0.2) lib/active_support/cache/strategy/local_cache.rb:83:in `call'
  rack (1.5.2) lib/rack/lock.rb:17:in `call'
  actionpack (4.0.2) lib/action_dispatch/middleware/static.rb:64:in `call'
  rack (1.5.2) lib/rack/sendfile.rb:112:in `call'
  railties (4.0.2) lib/rails/engine.rb:511:in `call'
  railties (4.0.2) lib/rails/application.rb:97:in `call'
  rack (1.5.2) lib/rack/lock.rb:17:in `call'
  rack (1.5.2) lib/rack/content_length.rb:14:in `call'
  rack (1.5.2) lib/rack/handler/webrick.rb:60:in `service'
  /home/leandro/.rvm/rubies/ruby-2.0.0-p247/lib/ruby/2.0.0/webrick/httpserver.rb:138:in `service'
  /home/leandro/.rvm/rubies/ruby-2.0.0-p247/lib/ruby/2.0.0/webrick/httpserver.rb:94:in `run'
  /home/leandro/.rvm/rubies/ruby-2.0.0-p247/lib/ruby/2.0.0/webrick/server.rb:295:in `block in start_thread'


  Rendered /home/leandro/.rvm/gems/ruby-2.0.0-p247/gems/actionpack-4.0.2/lib/action_dispatch/middleware/templates/rescues/_trace.erb (1.8ms)
  Rendered /home/leandro/.rvm/gems/ruby-2.0.0-p247/gems/actionpack-4.0.2/lib/action_dispatch/middleware/templates/routes/_table.html.erb (2.1ms)
  Rendered /home/leandro/.rvm/gems/ruby-2.0.0-p247/gems/actionpack-4.0.2/lib/action_dispatch/middleware/templates/rescues/routing_error.erb within rescues/layout (13.9ms)


Started GET "/" for 127.0.0.1 at 2014-03-11 00:56:02 -0300
Processing by Rails::WelcomeController#index as HTML
  Rendered /home/leandro/.rvm/gems/ruby-2.0.0-p247/gems/railties-4.0.2/lib/rails/templates/rails/welcome/index.html.erb (0.2ms)
Completed 200 OK in 3ms (Views: 2.5ms | ActiveRecord: 0.0ms)


Started GET "/pacientes" for 127.0.0.1 at 2014-03-11 00:56:06 -0300

ActionController::RoutingError (No route matches [GET] "/pacientes"):
  actionpack (4.0.2) lib/action_dispatch/middleware/debug_exceptions.rb:21:in `call'
  actionpack (4.0.2) lib/action_dispatch/middleware/show_exceptions.rb:30:in `call'
  railties (4.0.2) lib/rails/rack/logger.rb:38:in `call_app'
  railties (4.0.2) lib/rails/rack/logger.rb:20:in `block in call'
  activesupport (4.0.2) lib/active_support/tagged_logging.rb:67:in `block in tagged'
  activesupport (4.0.2) lib/active_support/tagged_logging.rb:25:in `tagged'
  activesupport (4.0.2) lib/active_support/tagged_logging.rb:67:in `tagged'
  railties (4.0.2) lib/rails/rack/logger.rb:20:in `call'
  actionpack (4.0.2) lib/action_dispatch/middleware/request_id.rb:21:in `call'
  rack (1.5.2) lib/rack/methodoverride.rb:21:in `call'
  rack (1.5.2) lib/rack/runtime.rb:17:in `call'
  activesupport (4.0.2) lib/active_support/cache/strategy/local_cache.rb:83:in `call'
  rack (1.5.2) lib/rack/lock.rb:17:in `call'
  actionpack (4.0.2) lib/action_dispatch/middleware/static.rb:64:in `call'
  rack (1.5.2) lib/rack/sendfile.rb:112:in `call'
  railties (4.0.2) lib/rails/engine.rb:511:in `call'
  railties (4.0.2) lib/rails/application.rb:97:in `call'
  rack (1.5.2) lib/rack/lock.rb:17:in `call'
  rack (1.5.2) lib/rack/content_length.rb:14:in `call'
  rack (1.5.2) lib/rack/handler/webrick.rb:60:in `service'
  /home/leandro/.rvm/rubies/ruby-2.0.0-p247/lib/ruby/2.0.0/webrick/httpserver.rb:138:in `service'
  /home/leandro/.rvm/rubies/ruby-2.0.0-p247/lib/ruby/2.0.0/webrick/httpserver.rb:94:in `run'
  /home/leandro/.rvm/rubies/ruby-2.0.0-p247/lib/ruby/2.0.0/webrick/server.rb:295:in `block in start_thread'


  Rendered /home/leandro/.rvm/gems/ruby-2.0.0-p247/gems/actionpack-4.0.2/lib/action_dispatch/middleware/templates/rescues/_trace.erb (1.3ms)
  Rendered /home/leandro/.rvm/gems/ruby-2.0.0-p247/gems/actionpack-4.0.2/lib/action_dispatch/middleware/templates/routes/_table.html.erb (1.5ms)
  Rendered /home/leandro/.rvm/gems/ruby-2.0.0-p247/gems/actionpack-4.0.2/lib/action_dispatch/middleware/templates/rescues/routing_error.erb within rescues/layout (11.1ms)


Started GET "/" for 127.0.0.1 at 2014-03-11 01:12:05 -0300
  [1m[36mActiveRecord::SchemaMigration Load (0.3ms)[0m  [1mSELECT "schema_migrations".* FROM "schema_migrations"[0m
Processing by Rails::WelcomeController#index as HTML
  Rendered /home/leandro/.rvm/gems/ruby-2.0.0-p247/gems/railties-4.0.2/lib/rails/templates/rails/welcome/index.html.erb (3.5ms)
Completed 200 OK in 102ms (Views: 79.5ms | ActiveRecord: 0.0ms)


Started GET "/paciente" for 127.0.0.1 at 2014-03-11 01:12:12 -0300

ActionController::RoutingError (uninitialized constant PacienteController):
  activesupport (4.0.2) lib/active_support/inflector/methods.rb:226:in `const_get'
  activesupport (4.0.2) lib/active_support/inflector/methods.rb:226:in `block in constantize'
  activesupport (4.0.2) lib/active_support/inflector/methods.rb:224:in `each'
  activesupport (4.0.2) lib/active_support/inflector/methods.rb:224:in `inject'
  activesupport (4.0.2) lib/active_support/inflector/methods.rb:224:in `constantize'
  actionpack (4.0.2) lib/action_dispatch/routing/route_set.rb:76:in `controller_reference'
  actionpack (4.0.2) lib/action_dispatch/routing/route_set.rb:66:in `controller'
  actionpack (4.0.2) lib/action_dispatch/routing/route_set.rb:44:in `call'
  actionpack (4.0.2) lib/action_dispatch/journey/router.rb:71:in `block in call'
  actionpack (4.0.2) lib/action_dispatch/journey/router.rb:59:in `each'
  actionpack (4.0.2) lib/action_dispatch/journey/router.rb:59:in `call'
  actionpack (4.0.2) lib/action_dispatch/routing/route_set.rb:680:in `call'
  rack (1.5.2) lib/rack/etag.rb:23:in `call'
  rack (1.5.2) lib/rack/conditionalget.rb:25:in `call'
  rack (1.5.2) lib/rack/head.rb:11:in `call'
  actionpack (4.0.2) lib/action_dispatch/middleware/params_parser.rb:27:in `call'
  actionpack (4.0.2) lib/action_dispatch/middleware/flash.rb:241:in `call'
  rack (1.5.2) lib/rack/session/abstract/id.rb:225:in `context'
  rack (1.5.2) lib/rack/session/abstract/id.rb:220:in `call'
  actionpack (4.0.2) lib/action_dispatch/middleware/cookies.rb:486:in `call'
  activerecord (4.0.2) lib/active_record/query_cache.rb:36:in `call'
  activerecord (4.0.2) lib/active_record/connection_adapters/abstract/connection_pool.rb:626:in `call'
  activerecord (4.0.2) lib/active_record/migration.rb:369:in `call'
  actionpack (4.0.2) lib/action_dispatch/middleware/callbacks.rb:29:in `block in call'
  activesupport (4.0.2) lib/active_support/callbacks.rb:373:in `_run__1838097451207806388__call__callbacks'
  activesupport (4.0.2) lib/active_support/callbacks.rb:80:in `run_callbacks'
  actionpack (4.0.2) lib/action_dispatch/middleware/callbacks.rb:27:in `call'
  actionpack (4.0.2) lib/action_dispatch/middleware/reloader.rb:64:in `call'
  actionpack (4.0.2) lib/action_dispatch/middleware/remote_ip.rb:76:in `call'
  actionpack (4.0.2) lib/action_dispatch/middleware/debug_exceptions.rb:17:in `call'
  actionpack (4.0.2) lib/action_dispatch/middleware/show_exceptions.rb:30:in `call'
  railties (4.0.2) lib/rails/rack/logger.rb:38:in `call_app'
  railties (4.0.2) lib/rails/rack/logger.rb:20:in `block in call'
  activesupport (4.0.2) lib/active_support/tagged_logging.rb:67:in `block in tagged'
  activesupport (4.0.2) lib/active_support/tagged_logging.rb:25:in `tagged'
  activesupport (4.0.2) lib/active_support/tagged_logging.rb:67:in `tagged'
  railties (4.0.2) lib/rails/rack/logger.rb:20:in `call'
  actionpack (4.0.2) lib/action_dispatch/middleware/request_id.rb:21:in `call'
  rack (1.5.2) lib/rack/methodoverride.rb:21:in `call'
  rack (1.5.2) lib/rack/runtime.rb:17:in `call'
  activesupport (4.0.2) lib/active_support/cache/strategy/local_cache.rb:83:in `call'
  rack (1.5.2) lib/rack/lock.rb:17:in `call'
  actionpack (4.0.2) lib/action_dispatch/middleware/static.rb:64:in `call'
  rack (1.5.2) lib/rack/sendfile.rb:112:in `call'
  railties (4.0.2) lib/rails/engine.rb:511:in `call'
  railties (4.0.2) lib/rails/application.rb:97:in `call'
  rack (1.5.2) lib/rack/lock.rb:17:in `call'
  rack (1.5.2) lib/rack/content_length.rb:14:in `call'
  rack (1.5.2) lib/rack/handler/webrick.rb:60:in `service'
  /home/leandro/.rvm/rubies/ruby-2.0.0-p247/lib/ruby/2.0.0/webrick/httpserver.rb:138:in `service'
  /home/leandro/.rvm/rubies/ruby-2.0.0-p247/lib/ruby/2.0.0/webrick/httpserver.rb:94:in `run'
  /home/leandro/.rvm/rubies/ruby-2.0.0-p247/lib/ruby/2.0.0/webrick/server.rb:295:in `block in start_thread'


  Rendered /home/leandro/.rvm/gems/ruby-2.0.0-p247/gems/actionpack-4.0.2/lib/action_dispatch/middleware/templates/rescues/_trace.erb (1.4ms)
  Rendered /home/leandro/.rvm/gems/ruby-2.0.0-p247/gems/actionpack-4.0.2/lib/action_dispatch/middleware/templates/routes/_route.html.erb (1.4ms)
  Rendered /home/leandro/.rvm/gems/ruby-2.0.0-p247/gems/actionpack-4.0.2/lib/action_dispatch/middleware/templates/routes/_table.html.erb (23.6ms)
  Rendered /home/leandro/.rvm/gems/ruby-2.0.0-p247/gems/actionpack-4.0.2/lib/action_dispatch/middleware/templates/rescues/routing_error.erb within rescues/layout (135.1ms)


Started GET "/pacientes" for 127.0.0.1 at 2014-03-11 01:12:16 -0300

ActionController::RoutingError (No route matches [GET] "/pacientes"):
  actionpack (4.0.2) lib/action_dispatch/middleware/debug_exceptions.rb:21:in `call'
  actionpack (4.0.2) lib/action_dispatch/middleware/show_exceptions.rb:30:in `call'
  railties (4.0.2) lib/rails/rack/logger.rb:38:in `call_app'
  railties (4.0.2) lib/rails/rack/logger.rb:20:in `block in call'
  activesupport (4.0.2) lib/active_support/tagged_logging.rb:67:in `block in tagged'
  activesupport (4.0.2) lib/active_support/tagged_logging.rb:25:in `tagged'
  activesupport (4.0.2) lib/active_support/tagged_logging.rb:67:in `tagged'
  railties (4.0.2) lib/rails/rack/logger.rb:20:in `call'
  actionpack (4.0.2) lib/action_dispatch/middleware/request_id.rb:21:in `call'
  rack (1.5.2) lib/rack/methodoverride.rb:21:in `call'
  rack (1.5.2) lib/rack/runtime.rb:17:in `call'
  activesupport (4.0.2) lib/active_support/cache/strategy/local_cache.rb:83:in `call'
  rack (1.5.2) lib/rack/lock.rb:17:in `call'
  actionpack (4.0.2) lib/action_dispatch/middleware/static.rb:64:in `call'
  rack (1.5.2) lib/rack/sendfile.rb:112:in `call'
  railties (4.0.2) lib/rails/engine.rb:511:in `call'
  railties (4.0.2) lib/rails/application.rb:97:in `call'
  rack (1.5.2) lib/rack/lock.rb:17:in `call'
  rack (1.5.2) lib/rack/content_length.rb:14:in `call'
  rack (1.5.2) lib/rack/handler/webrick.rb:60:in `service'
  /home/leandro/.rvm/rubies/ruby-2.0.0-p247/lib/ruby/2.0.0/webrick/httpserver.rb:138:in `service'
  /home/leandro/.rvm/rubies/ruby-2.0.0-p247/lib/ruby/2.0.0/webrick/httpserver.rb:94:in `run'
  /home/leandro/.rvm/rubies/ruby-2.0.0-p247/lib/ruby/2.0.0/webrick/server.rb:295:in `block in start_thread'


  Rendered /home/leandro/.rvm/gems/ruby-2.0.0-p247/gems/actionpack-4.0.2/lib/action_dispatch/middleware/templates/rescues/_trace.erb (2.3ms)
  Rendered /home/leandro/.rvm/gems/ruby-2.0.0-p247/gems/actionpack-4.0.2/lib/action_dispatch/middleware/templates/routes/_route.html.erb (1.4ms)
  Rendered /home/leandro/.rvm/gems/ruby-2.0.0-p247/gems/actionpack-4.0.2/lib/action_dispatch/middleware/templates/routes/_table.html.erb (1.4ms)
  Rendered /home/leandro/.rvm/gems/ruby-2.0.0-p247/gems/actionpack-4.0.2/lib/action_dispatch/middleware/templates/rescues/routing_error.erb within rescues/layout (23.4ms)


Started GET "/pacientes" for 127.0.0.1 at 2014-03-11 01:14:47 -0300
Processing by PacientesController#index as HTML
Completed 500 Internal Server Error in 19ms

RuntimeError (`attr_accessible` is extracted out of Rails into a gem. Please use new recommended protection model for params(strong_parameters) or add `protected_attributes` to your Gemfile to use old one.):
  app/models/paciente.rb:4:in `<class:Paciente>'
  app/models/paciente.rb:1:in `<top (required)>'
  app/controllers/pacientes_controller.rb:7:in `index'


  Rendered /home/leandro/.rvm/gems/ruby-2.0.0-p247/gems/actionpack-4.0.2/lib/action_dispatch/middleware/templates/rescues/_source.erb (1.1ms)
  Rendered /home/leandro/.rvm/gems/ruby-2.0.0-p247/gems/actionpack-4.0.2/lib/action_dispatch/middleware/templates/rescues/_trace.erb (2.6ms)
  Rendered /home/leandro/.rvm/gems/ruby-2.0.0-p247/gems/actionpack-4.0.2/lib/action_dispatch/middleware/templates/rescues/_request_and_response.erb (2.5ms)
  Rendered /home/leandro/.rvm/gems/ruby-2.0.0-p247/gems/actionpack-4.0.2/lib/action_dispatch/middleware/templates/rescues/diagnostics.erb within rescues/layout (36.6ms)


Started GET "/pacientes" for 127.0.0.1 at 2014-03-11 01:15:21 -0300
Processing by PacientesController#index as HTML
  [1m[35mPaciente Load (0.5ms)[0m  SELECT "pacientes".* FROM "pacientes"
  Rendered pacientes/index.html.erb within layouts/application (2.6ms)
Completed 200 OK in 860ms (Views: 808.6ms | ActiveRecord: 0.5ms)


Started GET "/assets/application.css?body=1" for 127.0.0.1 at 2014-03-11 01:15:22 -0300


Started GET "/assets/jquery.js?body=1" for 127.0.0.1 at 2014-03-11 01:15:22 -0300


Started GET "/assets/jquery_ujs.js?body=1" for 127.0.0.1 at 2014-03-11 01:15:22 -0300


Started GET "/assets/turbolinks.js?body=1" for 127.0.0.1 at 2014-03-11 01:15:22 -0300


Started GET "/assets/application.js?body=1" for 127.0.0.1 at 2014-03-11 01:15:22 -0300


Started GET "/pacientes/new" for 127.0.0.1 at 2014-03-11 01:15:26 -0300
Processing by PacientesController#new as HTML
  Rendered pacientes/_form.html.erb (60.4ms)
  Rendered pacientes/new.html.erb within layouts/application (64.7ms)
Completed 200 OK in 80ms (Views: 77.5ms | ActiveRecord: 0.4ms)


Started POST "/pacientes" for 127.0.0.1 at 2014-03-11 01:15:29 -0300
Processing by PacientesController#create as HTML
  Parameters: {"utf8"=>"✓", "authenticity_token"=>"i5fOATGSrBzjPPGmVTJdwCITEJRFragJN1L/yBvUrNg=", "commit"=>"Create Paciente"}
  [1m[36m (0.1ms)[0m  [1mbegin transaction[0m
  [1m[35mSQL (48.4ms)[0m  INSERT INTO "pacientes" ("created_at", "updated_at") VALUES (?, ?)  [["created_at", Tue, 11 Mar 2014 04:15:29 UTC +00:00], ["updated_at", Tue, 11 Mar 2014 04:15:29 UTC +00:00]]
  [1m[36m (168.0ms)[0m  [1mcommit transaction[0m
Redirected to http://localhost:3000/pacientes/1
Completed 302 Found in 223ms (ActiveRecord: 216.5ms)


Started GET "/pacientes/1" for 127.0.0.1 at 2014-03-11 01:15:29 -0300
Processing by PacientesController#show as HTML
  Parameters: {"id"=>"1"}
  [1m[35mPaciente Load (0.4ms)[0m  SELECT "pacientes".* FROM "pacientes" WHERE "pacientes"."id" = ? LIMIT 1  [["id", "1"]]
  Rendered pacientes/show.html.erb within layouts/application (2.0ms)
Completed 200 OK in 25ms (Views: 20.6ms | ActiveRecord: 0.4ms)


Started GET "/pacientes" for 127.0.0.1 at 2014-03-11 01:15:35 -0300
Processing by PacientesController#index as HTML
  [1m[36mPaciente Load (0.3ms)[0m  [1mSELECT "pacientes".* FROM "pacientes"[0m
  Rendered pacientes/index.html.erb within layouts/application (3.0ms)
Completed 200 OK in 9ms (Views: 7.3ms | ActiveRecord: 0.3ms)


Started DELETE "/pacientes/1" for 127.0.0.1 at 2014-03-11 01:15:40 -0300
Processing by PacientesController#destroy as HTML
  Parameters: {"authenticity_token"=>"i5fOATGSrBzjPPGmVTJdwCITEJRFragJN1L/yBvUrNg=", "id"=>"1"}
  [1m[35mPaciente Load (0.2ms)[0m  SELECT "pacientes".* FROM "pacientes" WHERE "pacientes"."id" = ? LIMIT 1  [["id", "1"]]
  [1m[36m (0.1ms)[0m  [1mbegin transaction[0m
  [1m[35mSQL (0.4ms)[0m  DELETE FROM "pacientes" WHERE "pacientes"."id" = ?  [["id", 1]]
  [1m[36m (133.9ms)[0m  [1mcommit transaction[0m
Redirected to http://localhost:3000/pacientes
Completed 302 Found in 140ms (ActiveRecord: 134.6ms)


Started GET "/pacientes" for 127.0.0.1 at 2014-03-11 01:15:40 -0300
Processing by PacientesController#index as HTML
  [1m[35mPaciente Load (0.4ms)[0m  SELECT "pacientes".* FROM "pacientes"
  Rendered pacientes/index.html.erb within layouts/application (1.7ms)
Completed 200 OK in 9ms (Views: 7.6ms | ActiveRecord: 0.4ms)


Started GET "/pacientes" for 127.0.0.1 at 2014-03-11 01:22:04 -0300
  [1m[36mActiveRecord::SchemaMigration Load (0.1ms)[0m  [1mSELECT "schema_migrations".* FROM "schema_migrations"[0m
Processing by PacientesController#index as HTML
  [1m[35mPaciente Load (0.2ms)[0m  SELECT "pacientes".* FROM "pacientes"
  Rendered pacientes/index.html.erb within layouts/application (2.7ms)
Completed 200 OK in 89ms (Views: 66.8ms | ActiveRecord: 0.2ms)


Started GET "/assets/jquery.js?body=1" for 127.0.0.1 at 2014-03-11 01:22:04 -0300


Started GET "/assets/application.js?body=1" for 127.0.0.1 at 2014-03-11 01:22:04 -0300


Started GET "/assets/turbolinks.js?body=1" for 127.0.0.1 at 2014-03-11 01:22:04 -0300


Started GET "/assets/application.css?body=1" for 127.0.0.1 at 2014-03-11 01:22:04 -0300


Started GET "/assets/jquery_ujs.js?body=1" for 127.0.0.1 at 2014-03-11 01:22:04 -0300


Started GET "/pacientes/new" for 127.0.0.1 at 2014-03-11 01:22:08 -0300
Processing by PacientesController#new as HTML
  Rendered pacientes/_form.html.erb (75.6ms)
  Rendered pacientes/new.html.erb within layouts/application (79.1ms)
Completed 500 Internal Server Error in 84ms

ActionView::Template::Error (undefined method `codigo_seguro' for #<Paciente:0x007ff2dc061b58>):
    17:   </div>
    18:   <div class="field">
    19:     <%= f.label :codigo_seguro %><br>
    20:     <%= f.text_field :codigo_seguro %>
    21:   </div>
    22:   <div class="field">
    23:     <%= f.label :idade %><br>
  app/views/pacientes/_form.html.erb:20:in `block in _app_views_pacientes__form_html_erb__994849176705573785_70340525230140'
  app/views/pacientes/_form.html.erb:1:in `_app_views_pacientes__form_html_erb__994849176705573785_70340525230140'
  app/views/pacientes/new.html.erb:3:in `_app_views_pacientes_new_html_erb___4505678074941253254_70340525137600'


  Rendered /home/leandro/.rvm/gems/ruby-2.0.0-p247/gems/actionpack-4.0.2/lib/action_dispatch/middleware/templates/rescues/_trace.erb (1.4ms)
  Rendered /home/leandro/.rvm/gems/ruby-2.0.0-p247/gems/actionpack-4.0.2/lib/action_dispatch/middleware/templates/rescues/_request_and_response.erb (1.1ms)
  Rendered /home/leandro/.rvm/gems/ruby-2.0.0-p247/gems/actionpack-4.0.2/lib/action_dispatch/middleware/templates/rescues/template_error.erb within rescues/layout (10.8ms)


Started GET "/pacientes/new" for 127.0.0.1 at 2014-03-11 01:22:08 -0300
Processing by PacientesController#new as HTML
  Rendered pacientes/_form.html.erb (3.2ms)
  Rendered pacientes/new.html.erb within layouts/application (4.6ms)
Completed 500 Internal Server Error in 8ms

ActionView::Template::Error (undefined method `codigo_seguro' for #<Paciente:0x007ff2ec489a18>):
    17:   </div>
    18:   <div class="field">
    19:     <%= f.label :codigo_seguro %><br>
    20:     <%= f.text_field :codigo_seguro %>
    21:   </div>
    22:   <div class="field">
    23:     <%= f.label :idade %><br>
  app/views/pacientes/_form.html.erb:20:in `block in _app_views_pacientes__form_html_erb__994849176705573785_70340661559800'
  app/views/pacientes/_form.html.erb:1:in `_app_views_pacientes__form_html_erb__994849176705573785_70340661559800'
  app/views/pacientes/new.html.erb:3:in `_app_views_pacientes_new_html_erb___4505678074941253254_70340661525100'


  Rendered /home/leandro/.rvm/gems/ruby-2.0.0-p247/gems/actionpack-4.0.2/lib/action_dispatch/middleware/templates/rescues/_trace.erb (1.5ms)
  Rendered /home/leandro/.rvm/gems/ruby-2.0.0-p247/gems/actionpack-4.0.2/lib/action_dispatch/middleware/templates/rescues/_request_and_response.erb (1.1ms)
  Rendered /home/leandro/.rvm/gems/ruby-2.0.0-p247/gems/actionpack-4.0.2/lib/action_dispatch/middleware/templates/rescues/template_error.erb within rescues/layout (11.0ms)


Started GET "/pacientes/new" for 127.0.0.1 at 2014-03-11 01:25:56 -0300
  [1m[36mActiveRecord::SchemaMigration Load (0.1ms)[0m  [1mSELECT "schema_migrations".* FROM "schema_migrations"[0m
Processing by PacientesController#new as HTML
  Rendered pacientes/_form.html.erb (29.5ms)
  Rendered pacientes/new.html.erb within layouts/application (33.7ms)
Completed 200 OK in 129ms (Views: 106.6ms | ActiveRecord: 0.4ms)


Started GET "/assets/jquery.js?body=1" for 127.0.0.1 at 2014-03-11 01:25:57 -0300


Started GET "/assets/turbolinks.js?body=1" for 127.0.0.1 at 2014-03-11 01:25:57 -0300


Started GET "/assets/jquery_ujs.js?body=1" for 127.0.0.1 at 2014-03-11 01:25:57 -0300


Started GET "/assets/application.css?body=1" for 127.0.0.1 at 2014-03-11 01:25:57 -0300


Started GET "/assets/application.js?body=1" for 127.0.0.1 at 2014-03-11 01:25:57 -0300


Started POST "/pacientes" for 127.0.0.1 at 2014-03-11 01:26:11 -0300
Processing by PacientesController#create as HTML
  Parameters: {"utf8"=>"✓", "authenticity_token"=>"i5fOATGSrBzjPPGmVTJdwCITEJRFragJN1L/yBvUrNg=", "paciente"=>{"nome"=>"Diego", "codigo"=>"2", "idade"=>"30"}, "commit"=>"Create Paciente"}
  [1m[35m (0.2ms)[0m  begin transaction
  [1m[36mSQL (3.4ms)[0m  [1mINSERT INTO "pacientes" ("codigo", "created_at", "idade", "nome", "updated_at") VALUES (?, ?, ?, ?, ?)[0m  [["codigo", "2"], ["created_at", Tue, 11 Mar 2014 04:26:11 UTC +00:00], ["idade", "30"], ["nome", "Diego"], ["updated_at", Tue, 11 Mar 2014 04:26:11 UTC +00:00]]
  [1m[35m (162.6ms)[0m  commit transaction
Redirected to http://localhost:3000/pacientes/2
Completed 302 Found in 175ms (ActiveRecord: 166.3ms)


Started GET "/pacientes/2" for 127.0.0.1 at 2014-03-11 01:26:11 -0300
Processing by PacientesController#show as HTML
  Parameters: {"id"=>"2"}
  [1m[36mPaciente Load (0.4ms)[0m  [1mSELECT "pacientes".* FROM "pacientes" WHERE "pacientes"."id" = ? LIMIT 1[0m  [["id", "2"]]
  Rendered pacientes/show.html.erb within layouts/application (1.3ms)
Completed 200 OK in 12ms (Views: 5.4ms | ActiveRecord: 0.4ms)


Started GET "/assets/jquery.js?body=1" for 127.0.0.1 at 2014-03-11 01:26:12 -0300


Started GET "/assets/application.js?body=1" for 127.0.0.1 at 2014-03-11 01:26:12 -0300


Started GET "/assets/turbolinks.js?body=1" for 127.0.0.1 at 2014-03-11 01:26:12 -0300


Started GET "/assets/jquery_ujs.js?body=1" for 127.0.0.1 at 2014-03-11 01:26:12 -0300


Started GET "/assets/application.css?body=1" for 127.0.0.1 at 2014-03-11 01:26:12 -0300


Started GET "/pacientes" for 127.0.0.1 at 2014-03-11 01:26:15 -0300
Processing by PacientesController#index as HTML
  [1m[35mPaciente Load (0.3ms)[0m  SELECT "pacientes".* FROM "pacientes"
  Rendered pacientes/index.html.erb within layouts/application (3.1ms)
Completed 200 OK in 9ms (Views: 7.2ms | ActiveRecord: 0.3ms)


Started GET "/internacaos" for 127.0.0.1 at 2014-03-11 01:29:10 -0300
  [1m[36mActiveRecord::SchemaMigration Load (0.1ms)[0m  [1mSELECT "schema_migrations".* FROM "schema_migrations"[0m
Processing by InternacaosController#index as HTML
Completed 500 Internal Server Error in 53ms

RuntimeError (`attr_accessible` is extracted out of Rails into a gem. Please use new recommended protection model for params(strong_parameters) or add `protected_attributes` to your Gemfile to use old one.):
  app/models/internacao.rb:7:in `<class:Internacao>'
  app/models/internacao.rb:1:in `<top (required)>'
  app/controllers/internacaos_controller.rb:7:in `index'


  Rendered /home/leandro/.rvm/gems/ruby-2.0.0-p247/gems/actionpack-4.0.2/lib/action_dispatch/middleware/templates/rescues/_source.erb (0.7ms)
  Rendered /home/leandro/.rvm/gems/ruby-2.0.0-p247/gems/actionpack-4.0.2/lib/action_dispatch/middleware/templates/rescues/_trace.erb (1.3ms)
  Rendered /home/leandro/.rvm/gems/ruby-2.0.0-p247/gems/actionpack-4.0.2/lib/action_dispatch/middleware/templates/rescues/_request_and_response.erb (1.2ms)
  Rendered /home/leandro/.rvm/gems/ruby-2.0.0-p247/gems/actionpack-4.0.2/lib/action_dispatch/middleware/templates/rescues/diagnostics.erb within rescues/layout (15.2ms)


Started GET "/internacaos" for 127.0.0.1 at 2014-03-11 01:29:40 -0300
Processing by InternacaosController#index as HTML
  [1m[35mInternacao Load (0.4ms)[0m  SELECT "internacaos".* FROM "internacaos"
  Rendered internacaos/index.html.erb within layouts/application (2.1ms)
Completed 200 OK in 79ms (Views: 72.5ms | ActiveRecord: 0.4ms)


Started GET "/assets/application.css?body=1" for 127.0.0.1 at 2014-03-11 01:29:40 -0300


Started GET "/assets/jquery_ujs.js?body=1" for 127.0.0.1 at 2014-03-11 01:29:40 -0300


Started GET "/assets/jquery.js?body=1" for 127.0.0.1 at 2014-03-11 01:29:40 -0300


Started GET "/assets/turbolinks.js?body=1" for 127.0.0.1 at 2014-03-11 01:29:40 -0300


Started GET "/assets/application.js?body=1" for 127.0.0.1 at 2014-03-11 01:29:40 -0300


Started GET "/internacaos/new" for 127.0.0.1 at 2014-03-11 01:29:47 -0300
Processing by InternacaosController#new as HTML
  Rendered internacaos/_form.html.erb (54.8ms)
  Rendered internacaos/new.html.erb within layouts/application (60.0ms)
Completed 200 OK in 67ms (Views: 63.9ms | ActiveRecord: 0.6ms)


Started GET "/internacaos/new" for 127.0.0.1 at 2014-03-11 01:42:44 -0300
  [1m[36mActiveRecord::SchemaMigration Load (0.1ms)[0m  [1mSELECT "schema_migrations".* FROM "schema_migrations"[0m
Processing by InternacaosController#new as HTML
  Rendered internacaos/_form.html.erb (89.8ms)
  Rendered internacaos/new.html.erb within layouts/application (93.4ms)
Completed 500 Internal Server Error in 124ms

ActionView::Template::Error (undefined method `medico' for #<Internacao:0x00000005385130>):
    17:   </div>
    18:   <div class="field">
    19:     <%= f.label :medico %><br>
    20:     <%= f.text_field :medico %>
    21:   </div>
    22:   <div class="field">
    23:     <%= f.label :enfermeiro %><br>
  app/views/internacaos/_form.html.erb:20:in `block in _app_views_internacaos__form_html_erb___1220926219407437025_43880960'
  app/views/internacaos/_form.html.erb:1:in `_app_views_internacaos__form_html_erb___1220926219407437025_43880960'
  app/views/internacaos/new.html.erb:3:in `_app_views_internacaos_new_html_erb___2892090116670145562_44561220'


  Rendered /home/leandro/.rvm/gems/ruby-2.0.0-p247/gems/actionpack-4.0.2/lib/action_dispatch/middleware/templates/rescues/_trace.erb (2.8ms)
  Rendered /home/leandro/.rvm/gems/ruby-2.0.0-p247/gems/actionpack-4.0.2/lib/action_dispatch/middleware/templates/rescues/_request_and_response.erb (1.4ms)
  Rendered /home/leandro/.rvm/gems/ruby-2.0.0-p247/gems/actionpack-4.0.2/lib/action_dispatch/middleware/templates/rescues/template_error.erb within rescues/layout (17.4ms)


Started GET "/internacaos/new" for 127.0.0.1 at 2014-03-11 01:45:09 -0300
  [1m[36mActiveRecord::SchemaMigration Load (0.2ms)[0m  [1mSELECT "schema_migrations".* FROM "schema_migrations"[0m
Processing by InternacaosController#new as HTML
DEPRECATION WARNING: The following options in your Empregado.has_and_belongs_to_many :hospitals declaration are deprecated: :limit. Please use a scope block instead. For example, the following:

    has_many :spam_comments, conditions: { spam: true }, class_name: 'Comment'

should be rewritten as the following:

    has_many :spam_comments, -> { where spam: true }, class_name: 'Comment'
. (called from <class:Empregado> at /home/leandro/Trabalho Rails/SUS/app/models/empregado.rb:2)
  Rendered internacaos/_form.html.erb (101.3ms)
  Rendered internacaos/new.html.erb within layouts/application (104.8ms)
Completed 500 Internal Server Error in 136ms

ActionView::Template::Error (`attr_accessible` is extracted out of Rails into a gem. Please use new recommended protection model for params(strong_parameters) or add `protected_attributes` to your Gemfile to use old one.):
    17:   </div>
    18:   <div class="field">
    19:     <%= f.label :medicos %><br>
    20:     <%= f.text_field :medicos %>
    21:   </div>
    22:   <div class="field">
    23:     <%= f.label :enfermeiros %><br>
  app/models/empregado.rb:4:in `<class:Empregado>'
  app/models/empregado.rb:1:in `<top (required)>'
  app/models/medico.rb:1:in `<top (required)>'
  app/views/internacaos/_form.html.erb:20:in `block in _app_views_internacaos__form_html_erb__3318739201302622420_43274540'
  app/views/internacaos/_form.html.erb:1:in `_app_views_internacaos__form_html_erb__3318739201302622420_43274540'
  app/views/internacaos/new.html.erb:3:in `_app_views_internacaos_new_html_erb___3326614627401025865_39487420'


  Rendered /home/leandro/.rvm/gems/ruby-2.0.0-p247/gems/actionpack-4.0.2/lib/action_dispatch/middleware/templates/rescues/_trace.erb (1.9ms)
  Rendered /home/leandro/.rvm/gems/ruby-2.0.0-p247/gems/actionpack-4.0.2/lib/action_dispatch/middleware/templates/rescues/_request_and_response.erb (1.3ms)
  Rendered /home/leandro/.rvm/gems/ruby-2.0.0-p247/gems/actionpack-4.0.2/lib/action_dispatch/middleware/templates/rescues/template_error.erb within rescues/layout (11.4ms)


Started GET "/internacaos/new" for 127.0.0.1 at 2014-03-11 01:53:03 -0300
  [1m[36mActiveRecord::SchemaMigration Load (0.2ms)[0m  [1mSELECT "schema_migrations".* FROM "schema_migrations"[0m
Processing by InternacaosController#new as HTML
  Rendered internacaos/_form.html.erb (80.6ms)
  Rendered internacaos/new.html.erb within layouts/application (84.4ms)
Completed 200 OK in 132ms (Views: 108.1ms | ActiveRecord: 0.4ms)


Started GET "/assets/jquery.js?body=1" for 127.0.0.1 at 2014-03-11 01:53:04 -0300


Started GET "/assets/jquery_ujs.js?body=1" for 127.0.0.1 at 2014-03-11 01:53:04 -0300


Started GET "/assets/turbolinks.js?body=1" for 127.0.0.1 at 2014-03-11 01:53:04 -0300


Started GET "/assets/application.js?body=1" for 127.0.0.1 at 2014-03-11 01:53:04 -0300


Started GET "/assets/application.css?body=1" for 127.0.0.1 at 2014-03-11 01:53:04 -0300


Started GET "/internacaos" for 127.0.0.1 at 2014-03-11 01:53:31 -0300
Processing by InternacaosController#index as HTML
  [1m[35mInternacao Load (0.4ms)[0m  SELECT "internacaos".* FROM "internacaos"
  Rendered internacaos/index.html.erb within layouts/application (2.8ms)
Completed 200 OK in 9ms (Views: 7.8ms | ActiveRecord: 0.4ms)


Started GET "/pacientes" for 127.0.0.1 at 2014-03-11 01:53:37 -0300
Processing by PacientesController#index as HTML
  [1m[36mPaciente Load (0.3ms)[0m  [1mSELECT "pacientes".* FROM "pacientes"[0m
  Rendered pacientes/index.html.erb within layouts/application (11.7ms)
Completed 200 OK in 22ms (Views: 15.0ms | ActiveRecord: 0.6ms)


Started GET "/assets/application.css?body=1" for 127.0.0.1 at 2014-03-11 01:53:37 -0300


Started GET "/assets/jquery.js?body=1" for 127.0.0.1 at 2014-03-11 01:53:37 -0300


Started GET "/assets/application.js?body=1" for 127.0.0.1 at 2014-03-11 01:53:37 -0300


Started GET "/assets/jquery_ujs.js?body=1" for 127.0.0.1 at 2014-03-11 01:53:37 -0300


Started GET "/assets/turbolinks.js?body=1" for 127.0.0.1 at 2014-03-11 01:53:37 -0300
